#
# There is insufficient memory for the Java Runtime Environment to continue.
# Native memory allocation (mmap) failed to map 132120576 bytes for G1 virtual space
# Possible reasons:
#   The system is out of physical RAM or swap space
#   The process is running with CompressedOops enabled, and the Java Heap may be blocking the growth of the native heap
# Possible solutions:
#   Reduce memory load on the system
#   Increase physical memory or swap space
#   Check if swap backing store is full
#   Decrease Java heap size (-Xmx/-Xms)
#   Decrease number of Java threads
#   Decrease Java thread stack sizes (-Xss)
#   Set larger code cache with -XX:ReservedCodeCacheSize=
#   JVM is running with Unscaled Compressed Oops mode in which the Java heap is
#     placed in the first 4GB address space. The Java Heap base address is the
#     maximum limit for the native heap growth. Please use -XX:HeapBaseMinAddress
#     to set the Java Heap base and to place the Java Heap above 4GB virtual address.
# This output file may be truncated or incomplete.
#
#  Out of Memory Error (os_windows.cpp:3535), pid=16772, tid=13016
#
# JRE version:  (17.0.4.1+1) (build )
# Java VM: Java HotSpot(TM) 64-Bit Server VM (17.0.4.1+1-LTS-2, mixed mode, sharing, tiered, compressed oops, compressed class ptrs, g1 gc, windows-amd64)
# No core dump will be written. Minidumps are not enabled by default on client versions of Windows
#

---------------  S U M M A R Y ------------

Command Line: -Dfile.encoding=UTF-8 -XX:+ShowCodeDetailsInExceptionMessages JoinPage

Host: Intel(R) Core(TM) i5-8265U CPU @ 1.60GHz, 8 cores, 7G,  Windows 11 , 64 bit Build 22621 (10.0.22621.1344)
Time: Sat Mar 18 15:40:07 2023  Windows 11 , 64 bit Build 22621 (10.0.22621.1344) elapsed time: 0.050570 seconds (0d 0h 0m 0s)

---------------  T H R E A D  ---------------

Current thread (0x000001bc57a5ce90):  JavaThread "Unknown thread" [_thread_in_vm, id=13016, stack(0x0000004077c00000,0x0000004077d00000)]

Stack: [0x0000004077c00000,0x0000004077d00000]
Native frames: (J=compiled Java code, j=interpreted, Vv=VM code, C=native code)
V  [jvm.dll+0x6723ba]
V  [jvm.dll+0x7d1e34]
V  [jvm.dll+0x7d35de]
V  [jvm.dll+0x7d3c43]
V  [jvm.dll+0x243065]
V  [jvm.dll+0x66f2d9]
V  [jvm.dll+0x663c22]
V  [jvm.dll+0x3011cb]
V  [jvm.dll+0x308766]
V  [jvm.dll+0x35846e]
V  [jvm.dll+0x35869f]
V  [jvm.dll+0x2d83e8]
V  [jvm.dll+0x2d9354]
V  [jvm.dll+0x7a3911]
V  [jvm.dll+0x3662c1]
V  [jvm.dll+0x782d7c]
V  [jvm.dll+0x3e8c1f]
V  [jvm.dll+0x3ea6c1]
C  [jli.dll+0x527b]
C  [ucrtbase.dll+0x29363]
C  [KERNEL32.DLL+0x126bd]
C  [ntdll.dll+0x5a9f8]


---------------  P R O C E S S  ---------------

Threads class SMR info:
_java_thread_list=0x00007ff89c86a858, length=0, elements={
}

Java Threads: ( => current thread )

Other Threads:
  0x000001bc57ab68a0 GCTaskThread "GC Thread#0" [stack: 0x0000004077d00000,0x0000004077e00000] [id=13728]
  0x000001bc57ac79a0 ConcurrentGCThread "G1 Main Marker" [stack: 0x0000004077e00000,0x0000004077f00000] [id=26116]
  0x000001bc57ac82b0 ConcurrentGCThread "G1 Conc#0" [stack: 0x0000004077f00000,0x0000004078000000] [id=24524]

[error occurred during error reporting (printing all threads), id 0xc0000005, EXCEPTION_ACCESS_VIOLATION (0xc0000005) at pc=0x00007ff89c0b8dd7]

VM state: not at safepoint (not fully initialized)

VM Mutex/Monitor currently owned by a thread:  ([mutex/lock_event])
[0x000001bc57a59ca0] Heap_lock - owner thread: 0x000001bc57a5ce90

Heap address: 0x0000000083200000, size: 1998 MB, Compressed Oops mode: 32-bit

CDS archive(s) mapped at: [0x0000000000000000-0x0000000000000000-0x0000000000000000), size 0, SharedBaseAddress: 0x0000000800000000, ArchiveRelocationMode: 0.
Narrow klass base: 0x0000000000000000, Narrow klass shift: 0, Narrow klass range: 0x0

GC Precious Log:
<Empty>

Heap:
 garbage-first heap   total 0K, used 0K [0x0000000083200000, 0x0000000100000000)
  region size 1024K, 0 young (0K), 0 survivors (0K)

[error occurred during error reporting (printing heap information), id 0xc0000005, EXCEPTION_ACCESS_VIOLATION (0xc0000005) at pc=0x00007ff89c49b869]

GC Heap History (0 events):
No events

Deoptimization events (0 events):
No events

Classes unloaded (0 events):
No events

Classes redefined (0 events):
No events

Internal exceptions (0 events):
No events

VM Operations (0 events):
No events

Events (1 events):
Event: 0.041 Loaded shared library C:\Program Files\Java\jdk-17.0.4.1\bin\java.dll


Dynamic libraries:
0x00007ff760a80000 - 0x00007ff760a90000 	C:\Program Files\Java\jdk-17.0.4.1\bin\javaw.exe
0x00007ff8e7610000 - 0x00007ff8e7824000 	C:\WINDOWS\SYSTEM32\ntdll.dll
0x00007ff8e5420000 - 0x00007ff8e54e3000 	C:\WINDOWS\System32\KERNEL32.DLL
0x00007ff8e4d50000 - 0x00007ff8e50ec000 	C:\WINDOWS\System32\KERNELBASE.dll
0x00007ff8e4a50000 - 0x00007ff8e4b61000 	C:\WINDOWS\System32\ucrtbase.dll
0x00007ff89aae0000 - 0x00007ff89aaf8000 	C:\Program Files\Java\jdk-17.0.4.1\bin\jli.dll
0x00007ff89aac0000 - 0x00007ff89aada000 	C:\Program Files\Java\jdk-17.0.4.1\bin\VCRUNTIME140.dll
0x00007ff8e64c0000 - 0x00007ff8e656e000 	C:\WINDOWS\System32\ADVAPI32.dll
0x00007ff8e6c60000 - 0x00007ff8e6d07000 	C:\WINDOWS\System32\msvcrt.dll
0x00007ff8e6ba0000 - 0x00007ff8e6c44000 	C:\WINDOWS\System32\sechost.dll
0x00007ff8e6a20000 - 0x00007ff8e6b35000 	C:\WINDOWS\System32\RPCRT4.dll
0x00007ff8e5e50000 - 0x00007ff8e5ffd000 	C:\WINDOWS\System32\USER32.dll
0x00007ff8e52d0000 - 0x00007ff8e52f6000 	C:\WINDOWS\System32\win32u.dll
0x00007ff8e6000000 - 0x00007ff8e6029000 	C:\WINDOWS\System32\GDI32.dll
0x00007ff8e5300000 - 0x00007ff8e5413000 	C:\WINDOWS\System32\gdi32full.dll
0x00007ff8e5170000 - 0x00007ff8e520a000 	C:\WINDOWS\System32\msvcp_win.dll
0x00007ff8c4f30000 - 0x00007ff8c51be000 	C:\WINDOWS\WinSxS\amd64_microsoft.windows.common-controls_6595b64144ccf1df_6.0.22621.608_none_a9444ca7c10bb01d\COMCTL32.dll
0x00007ff8dd0f0000 - 0x00007ff8dd0fa000 	C:\WINDOWS\SYSTEM32\VERSION.dll
0x00007ff8e6030000 - 0x00007ff8e6061000 	C:\WINDOWS\System32\IMM32.DLL
0x00007ff89aab0000 - 0x00007ff89aabc000 	C:\Program Files\Java\jdk-17.0.4.1\bin\vcruntime140_1.dll
0x00007ff893ea0000 - 0x00007ff893f2d000 	C:\Program Files\Java\jdk-17.0.4.1\bin\msvcp140.dll
0x00007ff89bdd0000 - 0x00007ff89c992000 	C:\Program Files\Java\jdk-17.0.4.1\bin\server\jvm.dll
0x00007ff8e6c50000 - 0x00007ff8e6c58000 	C:\WINDOWS\System32\PSAPI.DLL
0x00007ff8d4a90000 - 0x00007ff8d4a99000 	C:\WINDOWS\SYSTEM32\WSOCK32.dll
0x00007ff8de8d0000 - 0x00007ff8de904000 	C:\WINDOWS\SYSTEM32\WINMM.dll
0x00007ff8e6210000 - 0x00007ff8e6281000 	C:\WINDOWS\System32\WS2_32.dll
0x00007ff8e3aa0000 - 0x00007ff8e3ab8000 	C:\WINDOWS\SYSTEM32\kernel.appcore.dll
0x00007ff8c4a00000 - 0x00007ff8c4a0a000 	C:\Program Files\Java\jdk-17.0.4.1\bin\jimage.dll
0x00007ff8dd630000 - 0x00007ff8dd85e000 	C:\WINDOWS\SYSTEM32\DBGHELP.DLL
0x00007ff8e59e0000 - 0x00007ff8e5d69000 	C:\WINDOWS\System32\combase.dll
0x00007ff8e62a0000 - 0x00007ff8e6377000 	C:\WINDOWS\System32\OLEAUT32.dll
0x00007ff8dd540000 - 0x00007ff8dd572000 	C:\WINDOWS\SYSTEM32\dbgcore.DLL
0x00007ff8e50f0000 - 0x00007ff8e516b000 	C:\WINDOWS\System32\bcryptPrimitives.dll
0x00007ff8a8e80000 - 0x00007ff8a8ea5000 	C:\Program Files\Java\jdk-17.0.4.1\bin\java.dll

dbghelp: loaded successfully - version: 4.0.5 - missing functions: none
symbol engine: initialized successfully - sym options: 0x614 - pdb path: .;C:\Program Files\Java\jdk-17.0.4.1\bin;C:\WINDOWS\SYSTEM32;C:\WINDOWS\WinSxS\amd64_microsoft.windows.common-controls_6595b64144ccf1df_6.0.22621.608_none_a9444ca7c10bb01d;C:\Program Files\Java\jdk-17.0.4.1\bin\server

VM Arguments:
jvm_args: -Dfile.encoding=UTF-8 -XX:+ShowCodeDetailsInExceptionMessages 
java_command: JoinPage
java_class_path (initial): C:\Users\cwG\eclipse-workspace\PJT_Calculator\bin
Launcher Type: SUN_STANDARD

[Global flags]
     intx CICompilerCount                          = 4                                         {product} {ergonomic}
     uint ConcGCThreads                            = 2                                         {product} {ergonomic}
     uint G1ConcRefinementThreads                  = 8                                         {product} {ergonomic}
   size_t G1HeapRegionSize                         = 1048576                                   {product} {ergonomic}
    uintx GCDrainStackTargetSize                   = 64                                        {product} {ergonomic}
   size_t InitialHeapSize                          = 132120576                                 {product} {ergonomic}
   size_t MarkStackSize                            = 4194304                                   {product} {ergonomic}
   size_t MaxHeapSize                              = 2095054848                                {product} {ergonomic}
   size_t MinHeapDeltaBytes                        = 1048576                                   {product} {ergonomic}
   size_t MinHeapSize                              = 8388608                                   {product} {ergonomic}
    uintx NonNMethodCodeHeapSize                   = 5839372                                {pd product} {ergonomic}
    uintx NonProfiledCodeHeapSize                  = 122909434                              {pd product} {ergonomic}
    uintx ProfiledCodeHeapSize                     = 122909434                              {pd product} {ergonomic}
    uintx ReservedCodeCacheSize                    = 251658240                              {pd product} {ergonomic}
     bool SegmentedCodeCache                       = true                                      {product} {ergonomic}
     bool ShowCodeDetailsInExceptionMessages       = true                                   {manageable} {command line}
   size_t SoftMaxHeapSize                          = 2095054848                             {manageable} {ergonomic}
     bool UseCompressedClassPointers               = true                           {product lp64_product} {ergonomic}
     bool UseCompressedOops                        = true                           {product lp64_product} {ergonomic}
     bool UseG1GC                                  = true                                      {product} {ergonomic}
     bool UseLargePagesIndividualAllocation        = false                                  {pd product} {ergonomic}

Logging:
Log output configuration:
 #0: stdout all=warning uptime,level,tags
 #1: stderr all=off uptime,level,tags

Environment Variables:
JAVA_HOME=C:\Program Files\Java\jdk-17.0.4.1
PATH=C:/Program Files/Java/jdk-17.0.4.1/bin/server;C:/Program Files/Java/jdk-17.0.4.1/bin;C:\Program Files (x86)\VMware\VMware Player\bin\;C:\Program Files\Common Files\Oracle\Java\javapath;C:\Windows\system32;C:\Windows;C:\Windows\System32\Wbem;C:\Windows\System32\WindowsPowerShell\v1.0\;C:\Windows\System32\OpenSSH\;C:\Program Files\Microsoft SQL Server\150\Tools\Binn\;C:\Program Files\Microsoft SQL Server\Client SDK\ODBC\170\Tools\Binn\;C:\Program Files\dotnet\;C:\Program Files\Git\cmd;C:\Program Files\Java\jdk-17.0.4.1\bin;;C:\WINDOWS\system32;C:\WINDOWS;C:\WINDOWS\System32\Wbem;C:\WINDOWS\System32\WindowsPowerShell\v1.0\;C:\WINDOWS\System32\OpenSSH\;C:\Ruby31-x64\bin;C:\Users\cwG\AppData\Local\Microsoft\WindowsApps;C:\Users\cwG\AppData\Local\Programs\Microsoft VS Code\bin;C:\Users\cwG\.dotnet\tools;C:\Users\cwG\AppData\Local\GitHubDesktop\bin;;C:\WINDOWS\system32;
USERNAME=cwG
OS=Windows_NT
PROCESSOR_IDENTIFIER=Intel64 Family 6 Model 142 Stepping 12, GenuineIntel



---------------  S Y S T E M  ---------------

OS:
 Windows 11 , 64 bit Build 22621 (10.0.22621.1344)
OS uptime: 0 days 1:10 hours

CPU: total 8 (initial active 8) (4 cores per cpu, 2 threads per core) family 6 model 142 stepping 12 microcode 0xde, cx8, cmov, fxsr, ht, mmx, 3dnowpref, sse, sse2, sse3, ssse3, sse4.1, sse4.2, popcnt, lzcnt, tsc, tscinvbit, avx, avx2, aes, erms, clmul, bmi1, bmi2, adx, fma, vzeroupper, clflush, clflushopt

Memory: 4k page, system-wide physical 7986M (580M free)
TotalPageFile size 32562M (AvailPageFile size 126M)
current process WorkingSet (physical memory assigned to process): 12M, peak: 12M
current process commit charge ("private bytes"): 60M, peak: 186M

vm_info: Java HotSpot(TM) 64-Bit Server VM (17.0.4.1+1-LTS-2) for windows-amd64 JRE (17.0.4.1+1-LTS-2), built on Aug 16 2022 18:32:06 by "mach5one" with MS VC++ 16.8 / 16.9 (VS2019)

END.
